<?xml version="1.0" encoding="UTF-8"?>
<!-- Generated by org.testng.reporters.JUnitReportReporter -->
<testsuite hostname="ojas-dd510" failures="0" tests="9" name="com.securisk.testcases.IntermediaryDeleteTpa" time="76.081" errors="0" timestamp="2024-02-08T10:36:42 IST" skipped="0">
  <testcase classname="com.securisk.testcases.IntermediaryDeleteTpa" name="addProduct" time="19.534"/>
  <system-out/>
  <testcase classname="com.securisk.testcases.IntermediaryDeleteTpa" name="addProductWithInvalid" time="7.681"/>
  <system-out/>
  <testcase classname="com.securisk.testcases.IntermediaryDeleteTpa" name="addCoverage" time="12.953"/>
  <system-out/>
  <testcase classname="com.securisk.testcases.IntermediaryDeleteTpa" name="addCoverageWithInvalidata" time="2.466"/>
  <system-out/>
  <testcase classname="com.securisk.testcases.IntermediaryDeleteTpa" name="editProduct" time="10.848"/>
  <system-out/>
  <testcase classname="com.securisk.testcases.IntermediaryDeleteTpa" name="deleteProduct" time="9.989"/>
  <system-out/>
  <testcase classname="com.securisk.testcases.IntermediaryDeleteTpa" name="createTpa" time="6.346"/>
  <system-out/>
  <testcase classname="com.securisk.testcases.IntermediaryDeleteTpa" name="editTpa" time="3.879"/>
  <system-out/>
  <testcase classname="com.securisk.testcases.IntermediaryDeleteTpa" name="DeleteTpa" time="2.385"/>
  <system-out/>
</testsuite> <!-- com.securisk.testcases.IntermediaryDeleteTpa -->
