<?xml version="1.0" encoding="UTF-8"?>
<!-- Generated by org.testng.reporters.JUnitReportReporter -->
<testsuite hostname="ojas-dd510" failures="0" tests="1" name="com.securisk.testcases.IntermediaryCreateInsurerTest" time="16.910" errors="0" timestamp="2024-02-08T16:47:31 IST" skipped="0">
  <testcase classname="com.securisk.testcases.IntermediaryCreateInsurerTest" name="createInsurer" time="16.910"/>
  <system-out/>
</testsuite> <!-- com.securisk.testcases.IntermediaryCreateInsurerTest -->
