<?xml version="1.0" encoding="UTF-8"?>
<!-- Generated by org.testng.reporters.JUnitReportReporter -->
<<<<<<< HEAD
<testsuite hostname="ojas-dd696" failures="0" tests="2" name="com.securisk.testcases.IntermediaryAddProductTest" time="26.254" errors="0" timestamp="2024-02-05T16:02:39 IST" skipped="0">
  <testcase classname="com.securisk.testcases.IntermediaryAddProductTest" name="addProduct" time="18.698"/>
  <system-out/>
  <testcase classname="com.securisk.testcases.IntermediaryAddProductTest" name="addProductWithInvalid" time="7.556"/>
=======
<testsuite hostname="ojas-dd510" failures="0" tests="1" name="com.securisk.testcases.IntermediaryAddProductTest" time="19.981" errors="0" timestamp="2024-02-07T09:33:20 IST" skipped="0">
  <testcase classname="com.securisk.testcases.IntermediaryAddProductTest" name="addProduct" time="19.981"/>
>>>>>>> 586b067b4640d2c9aa84e17f143e106ae2defac1
  <system-out/>
</testsuite> <!-- com.securisk.testcases.IntermediaryAddProductTest -->
