<?xml version="1.0" encoding="UTF-8"?>
<!-- Generated by org.testng.reporters.JUnitReportReporter -->
<testsuite hostname="ojas-dd510" failures="0" tests="1" name="com.securisk.testcases.IntermediaryAddProductTest" time="19.981" errors="0" timestamp="2024-02-07T09:33:20 IST" skipped="0">
  <testcase classname="com.securisk.testcases.IntermediaryAddProductTest" name="addProduct" time="19.981"/>
  <system-out/>
</testsuite> <!-- com.securisk.testcases.IntermediaryAddProductTest -->
