<?xml version="1.0" encoding="UTF-8"?>
<!-- Generated by org.testng.reporters.JUnitReportReporter -->
<testsuite hostname="ojas-dd510" failures="0" tests="5" name="com.securisk.testcases.IntermediaryEditProductTest" time="54.318" errors="0" timestamp="2024-02-07T10:04:42 IST" skipped="0">
  <testcase classname="com.securisk.testcases.IntermediaryEditProductTest" name="addProduct" time="18.533"/>
  <system-out/>
  <testcase classname="com.securisk.testcases.IntermediaryEditProductTest" name="addProductWithInvalid" time="8.002"/>
  <system-out/>
  <testcase classname="com.securisk.testcases.IntermediaryEditProductTest" name="addCoverage" time="13.230"/>
  <system-out/>
  <testcase classname="com.securisk.testcases.IntermediaryEditProductTest" name="addCoverageWithInvalidata" time="2.451"/>
  <system-out/>
  <testcase classname="com.securisk.testcases.IntermediaryEditProductTest" name="editProduct" time="12.102"/>
  <system-out/>
</testsuite> <!-- com.securisk.testcases.IntermediaryEditProductTest -->
