<?xml version="1.0" encoding="UTF-8"?>
<!-- Generated by org.testng.reporters.JUnitReportReporter -->
<testsuite hostname="ojas-dd510" failures="0" tests="6" name="com.securisk.testcases.IntermediaryDeleteProductTest" time="63.228" errors="0" timestamp="2024-02-07T16:00:16 IST" skipped="0">
  <testcase classname="com.securisk.testcases.IntermediaryDeleteProductTest" name="addProduct" time="19.354"/>
  <system-out/>
  <testcase classname="com.securisk.testcases.IntermediaryDeleteProductTest" name="addProductWithInvalid" time="7.262"/>
  <system-out/>
  <testcase classname="com.securisk.testcases.IntermediaryDeleteProductTest" name="addCoverage" time="12.906"/>
  <system-out/>
  <testcase classname="com.securisk.testcases.IntermediaryDeleteProductTest" name="addCoverageWithInvalidata" time="2.370"/>
  <system-out/>
  <testcase classname="com.securisk.testcases.IntermediaryDeleteProductTest" name="editProduct" time="11.534"/>
  <system-out/>
  <testcase classname="com.securisk.testcases.IntermediaryDeleteProductTest" name="deleteProduct" time="9.802"/>
  <system-out/>
</testsuite> <!-- com.securisk.testcases.IntermediaryDeleteProductTest -->
