<?xml version="1.0" encoding="UTF-8"?>
<!-- Generated by org.testng.reporters.JUnitReportReporter -->
<testsuite hostname="ojas-dd510" failures="0" tests="14" name="com.securisk.testcases.IntermediaryCreateInsurerTest" time="75.077" errors="0" timestamp="2024-02-13T12:32:31 IST" skipped="0">
  <testcase classname="com.securisk.testcases.IntermediaryCreateInsurerTest" name="addProduct" time="18.601"/>
  <system-out/>
  <testcase classname="com.securisk.testcases.IntermediaryCreateInsurerTest" name="addProductWithInvalid" time="5.941"/>
  <system-out/>
  <testcase classname="com.securisk.testcases.IntermediaryCreateInsurerTest" name="addCoverage" time="10.652"/>
  <system-out/>
  <testcase classname="com.securisk.testcases.IntermediaryCreateInsurerTest" name="addCoverageWithInvalidata" time="1.876"/>
  <system-out/>
  <testcase classname="com.securisk.testcases.IntermediaryCreateInsurerTest" name="editProduct" time="3.896"/>
  <system-out/>
  <testcase classname="com.securisk.testcases.IntermediaryCreateInsurerTest" name="deleteProduct" time="2.305"/>
  <system-out/>
  <testcase classname="com.securisk.testcases.IntermediaryCreateInsurerTest" name="createTpa" time="6.798"/>
  <system-out/>
  <testcase classname="com.securisk.testcases.IntermediaryCreateInsurerTest" name="editTpa" time="3.649"/>
  <system-out/>
  <testcase classname="com.securisk.testcases.IntermediaryCreateInsurerTest" name="DeleteTpa" time="2.388"/>
  <system-out/>
  <testcase classname="com.securisk.testcases.IntermediaryCreateInsurerTest" name="createInsurer" time="4.639"/>
  <system-out/>
  <testcase classname="com.securisk.testcases.IntermediaryCreateInsurerTest" name="addUser" time="4.425"/>
  <system-out/>
  <testcase classname="com.securisk.testcases.IntermediaryCreateInsurerTest" name="editUser" time="4.463"/>
  <system-out/>
  <testcase classname="com.securisk.testcases.IntermediaryCreateInsurerTest" name="deleteUser" time="2.965"/>
  <system-out/>
  <testcase classname="com.securisk.testcases.IntermediaryCreateInsurerTest" name="deleteInsurer" time="2.479"/>
  <system-out/>
</testsuite> <!-- com.securisk.testcases.IntermediaryCreateInsurerTest -->
