<?xml version="1.0" encoding="UTF-8"?>
<!-- Generated by org.testng.reporters.JUnitReportReporter -->
<testsuite hostname="ojas-dd586" failures="0" tests="2" name="com.securisk.testcases.Tc_RfqPageFresh" time="23.858" errors="0" timestamp="2024-02-15T10:09:12 IST" skipped="0">
  <testcase classname="com.securisk.testcases.Tc_RfqPageFresh" name="launch" time="12.907"/>
  <system-out/>
  <testcase classname="com.securisk.testcases.Tc_RfqPageFresh" name="rfqTestcase" time="10.951"/>
  <system-out/>
</testsuite> <!-- com.securisk.testcases.Tc_RfqPageFresh -->
