<?xml version="1.0" encoding="UTF-8"?>
<!-- Generated by org.testng.reporters.JUnitReportReporter -->
<testsuite hostname="ojas-dd510" failures="0" tests="2" name="com.securisk.testcases.IntermediaryCreateInsurerTest" time="19.017" errors="0" timestamp="2024-02-09T12:14:00 IST" skipped="0">
  <testcase classname="com.securisk.testcases.IntermediaryCreateInsurerTest" name="createInsurer" time="16.617"/>
  <system-out/>
  <testcase classname="com.securisk.testcases.IntermediaryCreateInsurerTest" name="editUser" time="2.400"/>
  <system-out/>
</testsuite> <!-- com.securisk.testcases.IntermediaryCreateInsurerTest -->
