<?xml version="1.0" encoding="UTF-8"?>
<!-- Generated by org.testng.reporters.JUnitReportReporter -->
<testsuite hostname="ojas-dd586" failures="0" tests="3" name="testcases.Tc_CreateRfq" time="86.820" errors="0" timestamp="2024-01-30T17:33:28 IST" skipped="0">
  <testcase classname="testcases.Tc_CreateRfq" name="launch" time="8.537"/>
  <system-out/>
  <testcase classname="testcases.Tc_CreateRfq" name="rfqTestcase" time="21.156"/>
  <system-out/>
  <testcase classname="testcases.Tc_CreateRfq" name="createrfq" time="57.127"/>
  <system-out/>
</testsuite> <!-- testcases.Tc_CreateRfq -->
