<?xml version="1.0" encoding="UTF-8"?>
<!-- Generated by org.testng.reporters.JUnitReportReporter -->
<testsuite hostname="ojas-dd510" failures="0" tests="1" name="com.securisk.testcases.Tc_LoginPage" time="12.719" errors="0" timestamp="2024-02-12T12:37:24 IST" skipped="0">
  <testcase classname="com.securisk.testcases.Tc_LoginPage" name="launch" time="12.719"/>
  <system-out/>
</testsuite> <!-- com.securisk.testcases.Tc_LoginPage -->
