<?xml version="1.0" encoding="UTF-8"?>
<!-- Generated by org.testng.reporters.JUnitReportReporter -->
<testsuite hostname="ojas-dd586" failures="0" tests="1" name="com.securisk.testcases.Tc_LoginPage" time="12.814" errors="0" timestamp="2024-02-01T15:04:42 IST" skipped="0">
  <testcase classname="com.securisk.testcases.Tc_LoginPage" name="launch" time="12.814"/>
  <system-out/>
</testsuite> <!-- com.securisk.testcases.Tc_LoginPage -->
