<?xml version="1.0" encoding="UTF-8"?>
<!-- Generated by org.testng.reporters.JUnitReportReporter -->
<testsuite hostname="ojas-dd510" failures="0" tests="2" name="com.securisk.testcases.IntermediaryEditTpa" time="22.077" errors="0" timestamp="2024-02-07T12:05:49 IST" skipped="0">
  <testcase classname="com.securisk.testcases.IntermediaryEditTpa" name="createTpa" time="18.196"/>
  <system-out/>
  <testcase classname="com.securisk.testcases.IntermediaryEditTpa" name="editTpa" time="3.881"/>
  <system-out/>
</testsuite> <!-- com.securisk.testcases.IntermediaryEditTpa -->
