<?xml version="1.0" encoding="UTF-8"?>
<!-- Generated by org.testng.reporters.JUnitReportReporter -->
<testsuite hostname="ojas-dd510" failures="0" tests="3" name="com.securisk.testcases.IntermediaryDeleteTpa" time="12.519" errors="0" timestamp="2024-02-07T15:57:33 IST" skipped="0">
  <testcase classname="com.securisk.testcases.IntermediaryDeleteTpa" name="createTpa" time="6.863"/>
  <system-out/>
  <testcase classname="com.securisk.testcases.IntermediaryDeleteTpa" name="editTpa" time="3.261"/>
  <system-out/>
  <testcase classname="com.securisk.testcases.IntermediaryDeleteTpa" name="DeleteTpa" time="2.395"/>
  <system-out/>
</testsuite> <!-- com.securisk.testcases.IntermediaryDeleteTpa -->
