<?xml version="1.0" encoding="UTF-8"?>
<!-- Generated by org.testng.reporters.JUnitReportReporter -->
<testsuite hostname="ojas-dd510" failures="0" tests="9" name="com.securisk.testcases.IntermediaryDeleteTpa" time="80.166" errors="0" timestamp="2024-02-08T12:42:46 IST" skipped="0">
  <testcase classname="com.securisk.testcases.IntermediaryDeleteTpa" name="addProduct" time="19.224"/>
  <system-out/>
  <testcase classname="com.securisk.testcases.IntermediaryDeleteTpa" name="addProductWithInvalid" time="7.868"/>
  <system-out/>
  <testcase classname="com.securisk.testcases.IntermediaryDeleteTpa" name="addCoverage" time="12.831"/>
  <system-out/>
  <testcase classname="com.securisk.testcases.IntermediaryDeleteTpa" name="addCoverageWithInvalidata" time="2.378"/>
  <system-out/>
  <testcase classname="com.securisk.testcases.IntermediaryDeleteTpa" name="editProduct" time="11.572"/>
  <system-out/>
  <testcase classname="com.securisk.testcases.IntermediaryDeleteTpa" name="deleteProduct" time="9.579"/>
  <system-out/>
  <testcase classname="com.securisk.testcases.IntermediaryDeleteTpa" name="createTpa" time="6.366"/>
  <system-out/>
  <testcase classname="com.securisk.testcases.IntermediaryDeleteTpa" name="editTpa" time="3.766"/>
  <system-out/>
  <testcase classname="com.securisk.testcases.IntermediaryDeleteTpa" name="DeleteTpa" time="6.582"/>
  <system-out/>
</testsuite> <!-- com.securisk.testcases.IntermediaryDeleteTpa -->
