<?xml version="1.0" encoding="UTF-8"?>
<!-- Generated by org.testng.reporters.JUnitReportReporter -->
<testsuite hostname="ojas-dd510" failures="0" tests="4" name="com.securisk.testcases.IntemediaryAddCoverageTest" time="40.828" errors="0" timestamp="2024-02-07T15:34:30 IST" skipped="0">
  <testcase classname="com.securisk.testcases.IntemediaryAddCoverageTest" name="addProduct" time="18.248"/>
  <system-out/>
  <testcase classname="com.securisk.testcases.IntemediaryAddCoverageTest" name="addProductWithInvalid" time="7.120"/>
  <system-out/>
  <testcase classname="com.securisk.testcases.IntemediaryAddCoverageTest" name="addCoverage" time="13.063"/>
  <system-out/>
  <testcase classname="com.securisk.testcases.IntemediaryAddCoverageTest" name="addCoverageWithInvalidata" time="2.397"/>
  <system-out/>
</testsuite> <!-- com.securisk.testcases.IntemediaryAddCoverageTest -->
