<?xml version="1.0" encoding="UTF-8"?>
<!-- Generated by org.testng.reporters.JUnitReportReporter -->
<testsuite hostname="ojas-dd510" failures="0" tests="1" name="com.securisk.testcases.IntermediaryCreateTpaTest" time="19.265" errors="0" timestamp="2024-02-05T14:30:52 IST" skipped="0">
  <testcase classname="com.securisk.testcases.IntermediaryCreateTpaTest" name="createTpa" time="19.265"/>
  <system-out/>
</testsuite> <!-- com.securisk.testcases.IntermediaryCreateTpaTest -->
