<?xml version="1.0" encoding="UTF-8"?>
<!-- Generated by org.testng.reporters.JUnitReportReporter -->
<testsuite hostname="ojas-dd510" failures="0" tests="14" name="com.securisk.testcases.IntermediaryCreateInsurerTest" time="72.544" errors="0" timestamp="2024-02-13T12:04:13 IST" skipped="0">
  <testcase classname="com.securisk.testcases.IntermediaryCreateInsurerTest" name="addProduct" time="18.547"/>
  <system-out/>
  <testcase classname="com.securisk.testcases.IntermediaryCreateInsurerTest" name="addProductWithInvalid" time="3.799"/>
  <system-out/>
  <testcase classname="com.securisk.testcases.IntermediaryCreateInsurerTest" name="addCoverage" time="10.688"/>
  <system-out/>
  <testcase classname="com.securisk.testcases.IntermediaryCreateInsurerTest" name="addCoverageWithInvalidata" time="2.404"/>
  <system-out/>
  <testcase classname="com.securisk.testcases.IntermediaryCreateInsurerTest" name="editProduct" time="3.919"/>
  <system-out/>
  <testcase classname="com.securisk.testcases.IntermediaryCreateInsurerTest" name="deleteProduct" time="2.179"/>
  <system-out/>
  <testcase classname="com.securisk.testcases.IntermediaryCreateInsurerTest" name="createTpa" time="6.647"/>
  <system-out/>
  <testcase classname="com.securisk.testcases.IntermediaryCreateInsurerTest" name="editTpa" time="3.704"/>
  <system-out/>
  <testcase classname="com.securisk.testcases.IntermediaryCreateInsurerTest" name="DeleteTpa" time="2.357"/>
  <system-out/>
  <testcase classname="com.securisk.testcases.IntermediaryCreateInsurerTest" name="createInsurer" time="4.186"/>
  <system-out/>
  <testcase classname="com.securisk.testcases.IntermediaryCreateInsurerTest" name="addUser" time="4.349"/>
  <system-out/>
  <testcase classname="com.securisk.testcases.IntermediaryCreateInsurerTest" name="editUser" time="4.597"/>
  <system-out/>
  <testcase classname="com.securisk.testcases.IntermediaryCreateInsurerTest" name="deleteUser" time="2.784"/>
  <system-out/>
  <testcase classname="com.securisk.testcases.IntermediaryCreateInsurerTest" name="deleteInsurer" time="2.384"/>
  <system-out/>
</testsuite> <!-- com.securisk.testcases.IntermediaryCreateInsurerTest -->
