<?xml version="1.0" encoding="UTF-8"?>
<!-- Generated by org.testng.reporters.JUnitReportReporter -->
<testsuite hostname="ojas-dd586" failures="0" tests="1" name="testcases.Tc_LoginPage" time="12.443" errors="0" timestamp="2024-01-30T11:57:08 IST" skipped="0">
  <testcase classname="testcases.Tc_LoginPage" name="launch" time="12.443"/>
  <system-out/>
</testsuite> <!-- testcases.Tc_LoginPage -->
