<?xml version="1.0" encoding="UTF-8"?>
<!-- Generated by org.testng.reporters.JUnitReportReporter -->
<testsuite hostname="ojas-dd586" failures="0" tests="2" name="com.securisk.testcases.Tc_RfqPage" time="36.062" errors="0" timestamp="2024-02-01T15:26:41 IST" skipped="0">
  <testcase classname="com.securisk.testcases.Tc_RfqPage" name="launch" time="12.788"/>
  <system-out/>
  <testcase classname="com.securisk.testcases.Tc_RfqPage" name="rfqTestcase" time="23.274"/>
  <system-out/>
</testsuite> <!-- com.securisk.testcases.Tc_RfqPage -->
