<?xml version="1.0" encoding="UTF-8"?>
<!-- Generated by org.testng.reporters.JUnitReportReporter -->
<testsuite hostname="ojas-dd586" failures="0" tests="2" name="testcases.Tc_RfqPage" time="29.629" errors="0" timestamp="2024-01-30T16:41:16 IST" skipped="0">
  <testcase classname="testcases.Tc_RfqPage" name="launch" time="8.561"/>
  <system-out/>
  <testcase classname="testcases.Tc_RfqPage" name="rfqTestcase" time="21.068"/>
  <system-out/>
</testsuite> <!-- testcases.Tc_RfqPage -->
